2025-08-23 21:31:44,409 - INFO - ============================================================
2025-08-23 21:31:44,409 - INFO - STANDALONE LABELING TOOL STARTED
2025-08-23 21:31:44,409 - INFO - ============================================================
2025-08-23 21:31:44,410 - INFO - Start time: 2025-08-23 21:31:44
2025-08-23 21:31:44,410 - INFO - Input directory: images_to_label
2025-08-23 21:31:44,410 - INFO - Output directory: labeled_annotations
2025-08-23 21:31:44,410 - INFO - Current mode: tomato_detection
2025-08-23 21:31:44,412 - INFO - Starting labeling session in tomato_detection mode
2025-08-23 21:31:44,413 - INFO - Found 2 images to label
2025-08-23 21:31:52,744 - INFO - ============================================================
2025-08-23 21:31:52,744 - INFO - LABELING SESSION SUMMARY
2025-08-23 21:31:52,744 - INFO - ============================================================
2025-08-23 21:31:52,744 - INFO - Images labeled: 0/2
2025-08-23 21:31:52,744 - INFO - Total annotations: 0
2025-08-23 21:31:52,745 - INFO - Session time: 8.33s
2025-08-23 21:31:52,745 - INFO - Annotations saved to: labeled_annotations
2025-08-23 21:31:52,745 - INFO - ============================================================
2025-08-23 21:31:52,745 - INFO - End time: 2025-08-23 21:31:52
2025-08-23 21:31:52,745 - INFO - Total session time: 8.34s
2025-08-23 21:31:52,746 - INFO - ============================================================
2025-08-23 21:31:52,746 - INFO - SESSION ENDED: 2025-08-23 21:31:52
2025-08-23 21:31:52,747 - INFO - Total duration: 8.34s
2025-08-23 21:31:52,747 - INFO - ============================================================
