2025-08-23 18:49:27,607 - __main__ - INFO - ============================================================
2025-08-23 18:49:27,607 - __main__ - INFO - TOMATO DISEASE DETECTION SYSTEM STARTED
2025-08-23 18:49:27,607 - __main__ - INFO - ============================================================
2025-08-23 18:49:27,607 - __main__ - INFO - Log file: logs\tomato_detection_20250823_184927.log
2025-08-23 18:49:27,607 - __main__ - INFO - Confidence threshold (tomato): 0.5
2025-08-23 18:49:27,608 - __main__ - INFO - Confidence threshold (disease): 0.6
2025-08-23 18:49:28,946 - __main__ - INFO - Loaded tomato detection model: tomato_training_project/models/tomato_detection_best.pt
2025-08-23 18:49:28,981 - __main__ - INFO - Loaded disease detection model: tomato_training_project/models/disease_detection_best.pt
2025-08-23 18:49:30,058 - __main__ - INFO -    Detection 1: not_tomato - skipping disease analysis
2025-08-23 18:49:30,058 - __main__ - INFO -    Detection 2: not_tomato - skipping disease analysis
2025-08-23 18:49:30,058 - __main__ - INFO -    Detection 3: not_tomato - skipping disease analysis
2025-08-23 18:49:30,058 - __main__ - INFO -    Detection 4: not_tomato - skipping disease analysis
2025-08-23 18:49:30,058 - __main__ - INFO -    Detection 5: not_tomato - skipping disease analysis
2025-08-23 18:49:30,058 - __main__ - INFO -    Detection 6: not_tomato - skipping disease analysis
2025-08-23 18:49:30,058 - __main__ - INFO -    Detection 7: not_tomato - skipping disease analysis
2025-08-23 18:49:30,161 - __main__ - INFO -    Detection 1: not_tomato - skipping disease analysis
2025-08-23 18:49:30,161 - __main__ - INFO -    Detection 2: not_tomato - skipping disease analysis
2025-08-23 18:49:30,161 - __main__ - INFO -    Detection 3: not_tomato - skipping disease analysis
2025-08-23 18:49:30,161 - __main__ - INFO -    Detection 4: not_tomato - skipping disease analysis
2025-08-23 18:49:30,161 - __main__ - INFO -    Detection 5: not_tomato - skipping disease analysis
2025-08-23 18:49:30,161 - __main__ - INFO -    Detection 6: not_tomato - skipping disease analysis
2025-08-23 18:49:30,161 - __main__ - INFO -    Detection 7: not_tomato - skipping disease analysis
2025-08-23 18:49:30,174 - __main__ - INFO - ============================================================
2025-08-23 18:49:30,177 - __main__ - INFO - ============================================================
2025-08-23 18:49:30,177 - __main__ - INFO - Images processed: 2/2
2025-08-23 18:49:30,177 - __main__ - INFO - Total detections: 14
2025-08-23 18:49:30,177 - __main__ - INFO - Tomatoes: 0, Plants: 0, Not tomatoes: 14
2025-08-23 18:49:30,177 - __main__ - INFO - Healthy: 0, Diseased: 0
2025-08-23 18:49:30,178 - __main__ - INFO - Results saved to: tomato_detection_results
2025-08-23 18:49:30,178 - __main__ - INFO - ============================================================
