2025-08-23 19:13:45,327 - __main__ - INFO - ============================================================
2025-08-23 19:13:45,327 - __main__ - INFO - TOMATO DISEASE DETECTION SYSTEM STARTED
2025-08-23 19:13:45,327 - __main__ - INFO - ============================================================
2025-08-23 19:13:45,327 - __main__ - INFO - Log file: logs\tomato_detection_20250823_191345.log
2025-08-23 19:13:45,327 - __main__ - INFO - Confidence threshold (tomato): 0.5
2025-08-23 19:13:45,327 - __main__ - INFO - Confidence threshold (disease): 0.6
2025-08-23 19:13:46,793 - __main__ - INFO - Loaded tomato detection model: tomato_training_project/models/tomato_detection_best.pt
2025-08-23 19:13:46,829 - __main__ - INFO - Loaded disease detection model: tomato_training_project/models/disease_detection_best.pt
2025-08-23 19:13:48,233 - __main__ - INFO -    Detection 3: not_tomato - skipping disease analysis
2025-08-23 19:13:48,436 - __main__ - INFO -    Detection 6: not_tomato - skipping disease analysis
2025-08-23 19:13:48,625 - __main__ - INFO -    - healthy: 2 instances
2025-08-23 19:13:48,905 - __main__ - INFO -    Detection 3: not_tomato - skipping disease analysis
2025-08-23 19:13:49,082 - __main__ - INFO -    Detection 6: not_tomato - skipping disease analysis
2025-08-23 19:13:49,248 - __main__ - INFO -    - healthy: 2 instances
2025-08-23 19:13:49,260 - __main__ - INFO - ============================================================
2025-08-23 19:13:49,261 - __main__ - INFO - ============================================================
2025-08-23 19:13:49,262 - __main__ - INFO - Images processed: 2/2
2025-08-23 19:13:49,262 - __main__ - INFO - Total detections: 16
2025-08-23 19:13:49,262 - __main__ - INFO - Tomatoes: 2, Plants: 10, Not tomatoes: 4
2025-08-23 19:13:49,262 - __main__ - INFO - Healthy: 12, Diseased: 0
2025-08-23 19:13:49,262 - __main__ - INFO - Results saved to: tomato_detection_results
2025-08-23 19:13:49,262 - __main__ - INFO - ============================================================
