2025-08-23 19:06:05,743 - __main__ - INFO - ============================================================
2025-08-23 19:06:05,743 - __main__ - INFO - TOMATO DISEASE DETECTION SYSTEM STARTED
2025-08-23 19:06:05,743 - __main__ - INFO - ============================================================
2025-08-23 19:06:05,743 - __main__ - INFO - Log file: logs\tomato_detection_20250823_190605.log
2025-08-23 19:06:05,743 - __main__ - INFO - Confidence threshold (tomato): 0.5
2025-08-23 19:06:05,744 - __main__ - INFO - Confidence threshold (disease): 0.6
2025-08-23 19:06:07,222 - __main__ - INFO - Loaded tomato detection model: tomato_training_project/models/tomato_detection_best.pt
2025-08-23 19:06:07,260 - __main__ - INFO - Loaded disease detection model: tomato_training_project/models/disease_detection_best.pt
2025-08-23 19:06:08,397 - __main__ - INFO -    Detection 1: not_tomato - skipping disease analysis
2025-08-23 19:06:08,397 - __main__ - INFO -    Detection 2: not_tomato - skipping disease analysis
2025-08-23 19:06:08,479 - __main__ - INFO -    Detection 1: not_tomato - skipping disease analysis
2025-08-23 19:06:08,479 - __main__ - INFO -    Detection 2: not_tomato - skipping disease analysis
2025-08-23 19:06:08,488 - __main__ - INFO - ============================================================
2025-08-23 19:06:08,489 - __main__ - INFO - ============================================================
2025-08-23 19:06:08,489 - __main__ - INFO - Images processed: 2/2
2025-08-23 19:06:08,489 - __main__ - INFO - Total detections: 4
2025-08-23 19:06:08,489 - __main__ - INFO - Tomatoes: 0, Plants: 0, Not tomatoes: 4
2025-08-23 19:06:08,490 - __main__ - INFO - Healthy: 0, Diseased: 0
2025-08-23 19:06:08,490 - __main__ - INFO - Results saved to: tomato_detection_results
2025-08-23 19:06:08,490 - __main__ - INFO - ============================================================
