2025-08-23 19:20:10,221 - __main__ - INFO - ============================================================
2025-08-23 19:20:10,221 - __main__ - INFO - TOMATO DISEASE DETECTION SYSTEM STARTED
2025-08-23 19:20:10,222 - __main__ - INFO - ============================================================
2025-08-23 19:20:10,222 - __main__ - INFO - Log file: logs\tomato_detection_20250823_192010.log
2025-08-23 19:20:10,222 - __main__ - INFO - Confidence threshold (tomato): 0.5
2025-08-23 19:20:10,222 - __main__ - INFO - Confidence threshold (disease): 0.6
2025-08-23 19:20:11,630 - __main__ - INFO - Loaded tomato detection model: tomato_training_project/models/tomato_detection_best.pt
2025-08-23 19:20:11,665 - __main__ - INFO - Loaded disease detection model: tomato_training_project/models/disease_detection_best.pt
2025-08-23 19:20:13,006 - __main__ - INFO -    Detection 2: not_tomato - skipping disease analysis
2025-08-23 19:20:13,219 - __main__ - INFO -    - healthy: 7 instances
2025-08-23 19:20:13,391 - __main__ - INFO -    Detection 2: not_tomato - skipping disease analysis
2025-08-23 19:20:13,582 - __main__ - INFO -    - healthy: 7 instances
2025-08-23 19:20:13,593 - __main__ - INFO - ============================================================
2025-08-23 19:20:13,594 - __main__ - INFO - ============================================================
2025-08-23 19:20:13,594 - __main__ - INFO - Images processed: 2/2
2025-08-23 19:20:13,594 - __main__ - INFO - Total detections: 8
2025-08-23 19:20:13,595 - __main__ - INFO - Tomatoes: 0, Plants: 6, Not tomatoes: 2
2025-08-23 19:20:13,595 - __main__ - INFO - Healthy: 6, Diseased: 0
2025-08-23 19:20:13,595 - __main__ - INFO - Results saved to: tomato_detection_results
2025-08-23 19:20:13,595 - __main__ - INFO - ============================================================
